[2018-11-22 17:00:01,430] INFO Reading configuration from: config/zookeeper.properties (org.apache.zookeeper.server.quorum.QuorumPeerConfig)
[2018-11-22 17:00:01,432] INFO autopurge.snapRetainCount set to 3 (org.apache.zookeeper.server.DatadirCleanupManager)
[2018-11-22 17:00:01,432] INFO autopurge.purgeInterval set to 0 (org.apache.zookeeper.server.DatadirCleanupManager)
[2018-11-22 17:00:01,432] INFO Purge task is not scheduled. (org.apache.zookeeper.server.DatadirCleanupManager)
[2018-11-22 17:00:01,432] WARN Either no config or no quorum defined in config, running  in standalone mode (org.apache.zookeeper.server.quorum.QuorumPeerMain)
[2018-11-22 17:00:01,443] INFO Reading configuration from: config/zookeeper.properties (org.apache.zookeeper.server.quorum.QuorumPeerConfig)
[2018-11-22 17:00:01,443] INFO Starting server (org.apache.zookeeper.server.ZooKeeperServerMain)
[2018-11-22 17:00:01,448] INFO Server environment:zookeeper.version=3.4.13-2d71af4dbe22557fda74f9a9b4309b15a7487f03, built on 06/29/2018 00:39 GMT (org.apache.zookeeper.server.ZooKeeperServer)
[2018-11-22 17:00:01,448] INFO Server environment:host.name=bertie-Predator-G3-710 (org.apache.zookeeper.server.ZooKeeperServer)
[2018-11-22 17:00:01,448] INFO Server environment:java.version=1.8.0_191 (org.apache.zookeeper.server.ZooKeeperServer)
[2018-11-22 17:00:01,448] INFO Server environment:java.vendor=Oracle Corporation (org.apache.zookeeper.server.ZooKeeperServer)
[2018-11-22 17:00:01,448] INFO Server environment:java.home=/usr/lib/jvm/java-8-oracle/jre (org.apache.zookeeper.server.ZooKeeperServer)
[2018-11-22 17:00:01,448] INFO Server environment:java.class.path=/home/bertie/Pulpit/fp/kafka-runner/kafka/bin/../libs/activation-1.1.1.jar:/home/bertie/Pulpit/fp/kafka-runner/kafka/bin/../libs/aopalliance-repackaged-2.5.0-b42.jar:/home/bertie/Pulpit/fp/kafka-runner/kafka/bin/../libs/argparse4j-0.7.0.jar:/home/bertie/Pulpit/fp/kafka-runner/kafka/bin/../libs/audience-annotations-0.5.0.jar:/home/bertie/Pulpit/fp/kafka-runner/kafka/bin/../libs/connect-api-2.0.0.jar:/home/bertie/Pulpit/fp/kafka-runner/kafka/bin/../libs/connect-runtime-2.0.0.jar:/home/bertie/Pulpit/fp/kafka-runner/kafka/bin/../libs/hk2-api-2.5.0-b42.jar:/home/bertie/Pulpit/fp/kafka-runner/kafka/bin/../libs/hk2-locator-2.5.0-b42.jar:/home/bertie/Pulpit/fp/kafka-runner/kafka/bin/../libs/hk2-utils-2.5.0-b42.jar:/home/bertie/Pulpit/fp/kafka-runner/kafka/bin/../libs/jackson-annotations-2.9.6.jar:/home/bertie/Pulpit/fp/kafka-runner/kafka/bin/../libs/jackson-core-2.9.6.jar:/home/bertie/Pulpit/fp/kafka-runner/kafka/bin/../libs/jackson-databind-2.9.6.jar:/home/bertie/Pulpit/fp/kafka-runner/kafka/bin/../libs/jackson-jaxrs-base-2.9.6.jar:/home/bertie/Pulpit/fp/kafka-runner/kafka/bin/../libs/jackson-jaxrs-json-provider-2.9.6.jar:/home/bertie/Pulpit/fp/kafka-runner/kafka/bin/../libs/jackson-module-jaxb-annotations-2.9.6.jar:/home/bertie/Pulpit/fp/kafka-runner/kafka/bin/../libs/javassist-3.22.0-CR2.jar:/home/bertie/Pulpit/fp/kafka-runner/kafka/bin/../libs/javax.annotation-api-1.2.jar:/home/bertie/Pulpit/fp/kafka-runner/kafka/bin/../libs/javax.inject-1.jar:/home/bertie/Pulpit/fp/kafka-runner/kafka/bin/../libs/javax.inject-2.5.0-b42.jar:/home/bertie/Pulpit/fp/kafka-runner/kafka/bin/../libs/javax.servlet-api-3.1.0.jar:/home/bertie/Pulpit/fp/kafka-runner/kafka/bin/../libs/javax.ws.rs-api-2.1.jar:/home/bertie/Pulpit/fp/kafka-runner/kafka/bin/../libs/jaxb-api-2.3.0.jar:/home/bertie/Pulpit/fp/kafka-runner/kafka/bin/../libs/jersey-client-2.27.jar:/home/bertie/Pulpit/fp/kafka-runner/kafka/bin/../libs/jersey-common-2.27.jar:/home/bertie/Pulpit/fp/kafka-runner/kafka/bin/../libs/jersey-container-servlet-2.27.jar:/home/bertie/Pulpit/fp/kafka-runner/kafka/bin/../libs/jersey-container-servlet-core-2.27.jar:/home/bertie/Pulpit/fp/kafka-runner/kafka/bin/../libs/jersey-hk2-2.27.jar:/home/bertie/Pulpit/fp/kafka-runner/kafka/bin/../libs/jersey-media-jaxb-2.27.jar:/home/bertie/Pulpit/fp/kafka-runner/kafka/bin/../libs/jersey-server-2.27.jar:/home/bertie/Pulpit/fp/kafka-runner/kafka/bin/../libs/jetty-continuation-9.4.11.v20180605.jar:/home/bertie/Pulpit/fp/kafka-runner/kafka/bin/../libs/jetty-http-9.4.11.v20180605.jar:/home/bertie/Pulpit/fp/kafka-runner/kafka/bin/../libs/jetty-io-9.4.11.v20180605.jar:/home/bertie/Pulpit/fp/kafka-runner/kafka/bin/../libs/jetty-security-9.4.11.v20180605.jar:/home/bertie/Pulpit/fp/kafka-runner/kafka/bin/../libs/jetty-server-9.4.11.v20180605.jar:/home/bertie/Pulpit/fp/kafka-runner/kafka/bin/../libs/jetty-servlet-9.4.11.v20180605.jar:/home/bertie/Pulpit/fp/kafka-runner/kafka/bin/../libs/jetty-servlets-9.4.11.v20180605.jar:/home/bertie/Pulpit/fp/kafka-runner/kafka/bin/../libs/jetty-util-9.4.11.v20180605.jar:/home/bertie/Pulpit/fp/kafka-runner/kafka/bin/../libs/jopt-simple-5.0.4.jar:/home/bertie/Pulpit/fp/kafka-runner/kafka/bin/../libs/kafka_2.11-2.0.0.jar:/home/bertie/Pulpit/fp/kafka-runner/kafka/bin/../libs/kafka_2.11-2.0.0-sources.jar:/home/bertie/Pulpit/fp/kafka-runner/kafka/bin/../libs/kafka-clients-2.0.0.jar:/home/bertie/Pulpit/fp/kafka-runner/kafka/bin/../libs/kafka-log4j-appender-2.0.0.jar:/home/bertie/Pulpit/fp/kafka-runner/kafka/bin/../libs/kafka-tools-2.0.0.jar:/home/bertie/Pulpit/fp/kafka-runner/kafka/bin/../libs/log4j-1.2.17.jar:/home/bertie/Pulpit/fp/kafka-runner/kafka/bin/../libs/lz4-java-1.4.1.jar:/home/bertie/Pulpit/fp/kafka-runner/kafka/bin/../libs/metrics-core-2.2.0.jar:/home/bertie/Pulpit/fp/kafka-runner/kafka/bin/../libs/osgi-resource-locator-1.0.1.jar:/home/bertie/Pulpit/fp/kafka-runner/kafka/bin/../libs/scala-library-2.11.12.jar:/home/bertie/Pulpit/fp/kafka-runner/kafka/bin/../libs/scala-logging_2.11-3.9.0.jar:/home/bertie/Pulpit/fp/kafka-runner/kafka/bin/../libs/scala-reflect-2.11.12.jar:/home/bertie/Pulpit/fp/kafka-runner/kafka/bin/../libs/slf4j-api-1.7.25.jar:/home/bertie/Pulpit/fp/kafka-runner/kafka/bin/../libs/slf4j-log4j12-1.7.25.jar:/home/bertie/Pulpit/fp/kafka-runner/kafka/bin/../libs/snappy-java-1.1.7.1.jar:/home/bertie/Pulpit/fp/kafka-runner/kafka/bin/../libs/validation-api-1.1.0.Final.jar:/home/bertie/Pulpit/fp/kafka-runner/kafka/bin/../libs/zkclient-0.10.jar:/home/bertie/Pulpit/fp/kafka-runner/kafka/bin/../libs/zookeeper-3.4.13.jar (org.apache.zookeeper.server.ZooKeeperServer)
[2018-11-22 17:00:01,449] INFO Server environment:java.library.path=/usr/java/packages/lib/amd64:/usr/lib64:/lib64:/lib:/usr/lib (org.apache.zookeeper.server.ZooKeeperServer)
[2018-11-22 17:00:01,449] INFO Server environment:java.io.tmpdir=/tmp (org.apache.zookeeper.server.ZooKeeperServer)
[2018-11-22 17:00:01,449] INFO Server environment:java.compiler=<NA> (org.apache.zookeeper.server.ZooKeeperServer)
[2018-11-22 17:00:01,449] INFO Server environment:os.name=Linux (org.apache.zookeeper.server.ZooKeeperServer)
[2018-11-22 17:00:01,449] INFO Server environment:os.arch=amd64 (org.apache.zookeeper.server.ZooKeeperServer)
[2018-11-22 17:00:01,449] INFO Server environment:os.version=4.15.0-39-generic (org.apache.zookeeper.server.ZooKeeperServer)
[2018-11-22 17:00:01,449] INFO Server environment:user.name=root (org.apache.zookeeper.server.ZooKeeperServer)
[2018-11-22 17:00:01,449] INFO Server environment:user.home=/root (org.apache.zookeeper.server.ZooKeeperServer)
[2018-11-22 17:00:01,449] INFO Server environment:user.dir=/home/bertie/Pulpit/fp/kafka-runner/kafka (org.apache.zookeeper.server.ZooKeeperServer)
[2018-11-22 17:00:01,453] INFO tickTime set to 3000 (org.apache.zookeeper.server.ZooKeeperServer)
[2018-11-22 17:00:01,453] INFO minSessionTimeout set to -1 (org.apache.zookeeper.server.ZooKeeperServer)
[2018-11-22 17:00:01,453] INFO maxSessionTimeout set to -1 (org.apache.zookeeper.server.ZooKeeperServer)
[2018-11-22 17:00:01,457] INFO Using org.apache.zookeeper.server.NIOServerCnxnFactory as server connection factory (org.apache.zookeeper.server.ServerCnxnFactory)
[2018-11-22 17:00:01,459] INFO binding to port 0.0.0.0/0.0.0.0:2181 (org.apache.zookeeper.server.NIOServerCnxnFactory)
[2018-11-22 17:00:01,460] ERROR Unexpected exception, exiting abnormally (org.apache.zookeeper.server.ZooKeeperServerMain)
java.net.BindException: Adres jest już w użyciu
	at sun.nio.ch.Net.bind0(Native Method)
	at sun.nio.ch.Net.bind(Net.java:433)
	at sun.nio.ch.Net.bind(Net.java:425)
	at sun.nio.ch.ServerSocketChannelImpl.bind(ServerSocketChannelImpl.java:223)
	at sun.nio.ch.ServerSocketAdaptor.bind(ServerSocketAdaptor.java:74)
	at sun.nio.ch.ServerSocketAdaptor.bind(ServerSocketAdaptor.java:67)
	at org.apache.zookeeper.server.NIOServerCnxnFactory.configure(NIOServerCnxnFactory.java:90)
	at org.apache.zookeeper.server.ZooKeeperServerMain.runFromConfig(ZooKeeperServerMain.java:120)
	at org.apache.zookeeper.server.ZooKeeperServerMain.initializeAndRun(ZooKeeperServerMain.java:89)
	at org.apache.zookeeper.server.ZooKeeperServerMain.main(ZooKeeperServerMain.java:55)
	at org.apache.zookeeper.server.quorum.QuorumPeerMain.initializeAndRun(QuorumPeerMain.java:119)
	at org.apache.zookeeper.server.quorum.QuorumPeerMain.main(QuorumPeerMain.java:81)
[2018-11-22 17:00:16,709] INFO Reading configuration from: config/zookeeper.properties (org.apache.zookeeper.server.quorum.QuorumPeerConfig)
[2018-11-22 17:00:16,711] INFO autopurge.snapRetainCount set to 3 (org.apache.zookeeper.server.DatadirCleanupManager)
[2018-11-22 17:00:16,711] INFO autopurge.purgeInterval set to 0 (org.apache.zookeeper.server.DatadirCleanupManager)
[2018-11-22 17:00:16,711] INFO Purge task is not scheduled. (org.apache.zookeeper.server.DatadirCleanupManager)
[2018-11-22 17:00:16,711] WARN Either no config or no quorum defined in config, running  in standalone mode (org.apache.zookeeper.server.quorum.QuorumPeerMain)
[2018-11-22 17:00:16,719] INFO Reading configuration from: config/zookeeper.properties (org.apache.zookeeper.server.quorum.QuorumPeerConfig)
[2018-11-22 17:00:16,720] INFO Starting server (org.apache.zookeeper.server.ZooKeeperServerMain)
[2018-11-22 17:00:16,724] INFO Server environment:zookeeper.version=3.4.13-2d71af4dbe22557fda74f9a9b4309b15a7487f03, built on 06/29/2018 00:39 GMT (org.apache.zookeeper.server.ZooKeeperServer)
[2018-11-22 17:00:16,724] INFO Server environment:host.name=bertie-Predator-G3-710 (org.apache.zookeeper.server.ZooKeeperServer)
[2018-11-22 17:00:16,724] INFO Server environment:java.version=1.8.0_191 (org.apache.zookeeper.server.ZooKeeperServer)
[2018-11-22 17:00:16,724] INFO Server environment:java.vendor=Oracle Corporation (org.apache.zookeeper.server.ZooKeeperServer)
[2018-11-22 17:00:16,724] INFO Server environment:java.home=/usr/lib/jvm/java-8-oracle/jre (org.apache.zookeeper.server.ZooKeeperServer)
[2018-11-22 17:00:16,724] INFO Server environment:java.class.path=/home/bertie/Pulpit/fp/kafka-runner/kafka/bin/../libs/activation-1.1.1.jar:/home/bertie/Pulpit/fp/kafka-runner/kafka/bin/../libs/aopalliance-repackaged-2.5.0-b42.jar:/home/bertie/Pulpit/fp/kafka-runner/kafka/bin/../libs/argparse4j-0.7.0.jar:/home/bertie/Pulpit/fp/kafka-runner/kafka/bin/../libs/audience-annotations-0.5.0.jar:/home/bertie/Pulpit/fp/kafka-runner/kafka/bin/../libs/connect-api-2.0.0.jar:/home/bertie/Pulpit/fp/kafka-runner/kafka/bin/../libs/connect-runtime-2.0.0.jar:/home/bertie/Pulpit/fp/kafka-runner/kafka/bin/../libs/hk2-api-2.5.0-b42.jar:/home/bertie/Pulpit/fp/kafka-runner/kafka/bin/../libs/hk2-locator-2.5.0-b42.jar:/home/bertie/Pulpit/fp/kafka-runner/kafka/bin/../libs/hk2-utils-2.5.0-b42.jar:/home/bertie/Pulpit/fp/kafka-runner/kafka/bin/../libs/jackson-annotations-2.9.6.jar:/home/bertie/Pulpit/fp/kafka-runner/kafka/bin/../libs/jackson-core-2.9.6.jar:/home/bertie/Pulpit/fp/kafka-runner/kafka/bin/../libs/jackson-databind-2.9.6.jar:/home/bertie/Pulpit/fp/kafka-runner/kafka/bin/../libs/jackson-jaxrs-base-2.9.6.jar:/home/bertie/Pulpit/fp/kafka-runner/kafka/bin/../libs/jackson-jaxrs-json-provider-2.9.6.jar:/home/bertie/Pulpit/fp/kafka-runner/kafka/bin/../libs/jackson-module-jaxb-annotations-2.9.6.jar:/home/bertie/Pulpit/fp/kafka-runner/kafka/bin/../libs/javassist-3.22.0-CR2.jar:/home/bertie/Pulpit/fp/kafka-runner/kafka/bin/../libs/javax.annotation-api-1.2.jar:/home/bertie/Pulpit/fp/kafka-runner/kafka/bin/../libs/javax.inject-1.jar:/home/bertie/Pulpit/fp/kafka-runner/kafka/bin/../libs/javax.inject-2.5.0-b42.jar:/home/bertie/Pulpit/fp/kafka-runner/kafka/bin/../libs/javax.servlet-api-3.1.0.jar:/home/bertie/Pulpit/fp/kafka-runner/kafka/bin/../libs/javax.ws.rs-api-2.1.jar:/home/bertie/Pulpit/fp/kafka-runner/kafka/bin/../libs/jaxb-api-2.3.0.jar:/home/bertie/Pulpit/fp/kafka-runner/kafka/bin/../libs/jersey-client-2.27.jar:/home/bertie/Pulpit/fp/kafka-runner/kafka/bin/../libs/jersey-common-2.27.jar:/home/bertie/Pulpit/fp/kafka-runner/kafka/bin/../libs/jersey-container-servlet-2.27.jar:/home/bertie/Pulpit/fp/kafka-runner/kafka/bin/../libs/jersey-container-servlet-core-2.27.jar:/home/bertie/Pulpit/fp/kafka-runner/kafka/bin/../libs/jersey-hk2-2.27.jar:/home/bertie/Pulpit/fp/kafka-runner/kafka/bin/../libs/jersey-media-jaxb-2.27.jar:/home/bertie/Pulpit/fp/kafka-runner/kafka/bin/../libs/jersey-server-2.27.jar:/home/bertie/Pulpit/fp/kafka-runner/kafka/bin/../libs/jetty-continuation-9.4.11.v20180605.jar:/home/bertie/Pulpit/fp/kafka-runner/kafka/bin/../libs/jetty-http-9.4.11.v20180605.jar:/home/bertie/Pulpit/fp/kafka-runner/kafka/bin/../libs/jetty-io-9.4.11.v20180605.jar:/home/bertie/Pulpit/fp/kafka-runner/kafka/bin/../libs/jetty-security-9.4.11.v20180605.jar:/home/bertie/Pulpit/fp/kafka-runner/kafka/bin/../libs/jetty-server-9.4.11.v20180605.jar:/home/bertie/Pulpit/fp/kafka-runner/kafka/bin/../libs/jetty-servlet-9.4.11.v20180605.jar:/home/bertie/Pulpit/fp/kafka-runner/kafka/bin/../libs/jetty-servlets-9.4.11.v20180605.jar:/home/bertie/Pulpit/fp/kafka-runner/kafka/bin/../libs/jetty-util-9.4.11.v20180605.jar:/home/bertie/Pulpit/fp/kafka-runner/kafka/bin/../libs/jopt-simple-5.0.4.jar:/home/bertie/Pulpit/fp/kafka-runner/kafka/bin/../libs/kafka_2.11-2.0.0.jar:/home/bertie/Pulpit/fp/kafka-runner/kafka/bin/../libs/kafka_2.11-2.0.0-sources.jar:/home/bertie/Pulpit/fp/kafka-runner/kafka/bin/../libs/kafka-clients-2.0.0.jar:/home/bertie/Pulpit/fp/kafka-runner/kafka/bin/../libs/kafka-log4j-appender-2.0.0.jar:/home/bertie/Pulpit/fp/kafka-runner/kafka/bin/../libs/kafka-tools-2.0.0.jar:/home/bertie/Pulpit/fp/kafka-runner/kafka/bin/../libs/log4j-1.2.17.jar:/home/bertie/Pulpit/fp/kafka-runner/kafka/bin/../libs/lz4-java-1.4.1.jar:/home/bertie/Pulpit/fp/kafka-runner/kafka/bin/../libs/metrics-core-2.2.0.jar:/home/bertie/Pulpit/fp/kafka-runner/kafka/bin/../libs/osgi-resource-locator-1.0.1.jar:/home/bertie/Pulpit/fp/kafka-runner/kafka/bin/../libs/scala-library-2.11.12.jar:/home/bertie/Pulpit/fp/kafka-runner/kafka/bin/../libs/scala-logging_2.11-3.9.0.jar:/home/bertie/Pulpit/fp/kafka-runner/kafka/bin/../libs/scala-reflect-2.11.12.jar:/home/bertie/Pulpit/fp/kafka-runner/kafka/bin/../libs/slf4j-api-1.7.25.jar:/home/bertie/Pulpit/fp/kafka-runner/kafka/bin/../libs/slf4j-log4j12-1.7.25.jar:/home/bertie/Pulpit/fp/kafka-runner/kafka/bin/../libs/snappy-java-1.1.7.1.jar:/home/bertie/Pulpit/fp/kafka-runner/kafka/bin/../libs/validation-api-1.1.0.Final.jar:/home/bertie/Pulpit/fp/kafka-runner/kafka/bin/../libs/zkclient-0.10.jar:/home/bertie/Pulpit/fp/kafka-runner/kafka/bin/../libs/zookeeper-3.4.13.jar (org.apache.zookeeper.server.ZooKeeperServer)
[2018-11-22 17:00:16,724] INFO Server environment:java.library.path=/usr/java/packages/lib/amd64:/usr/lib64:/lib64:/lib:/usr/lib (org.apache.zookeeper.server.ZooKeeperServer)
[2018-11-22 17:00:16,724] INFO Server environment:java.io.tmpdir=/tmp (org.apache.zookeeper.server.ZooKeeperServer)
[2018-11-22 17:00:16,724] INFO Server environment:java.compiler=<NA> (org.apache.zookeeper.server.ZooKeeperServer)
[2018-11-22 17:00:16,724] INFO Server environment:os.name=Linux (org.apache.zookeeper.server.ZooKeeperServer)
[2018-11-22 17:00:16,724] INFO Server environment:os.arch=amd64 (org.apache.zookeeper.server.ZooKeeperServer)
[2018-11-22 17:00:16,725] INFO Server environment:os.version=4.15.0-39-generic (org.apache.zookeeper.server.ZooKeeperServer)
[2018-11-22 17:00:16,725] INFO Server environment:user.name=root (org.apache.zookeeper.server.ZooKeeperServer)
[2018-11-22 17:00:16,725] INFO Server environment:user.home=/root (org.apache.zookeeper.server.ZooKeeperServer)
[2018-11-22 17:00:16,725] INFO Server environment:user.dir=/home/bertie/Pulpit/fp/kafka-runner/kafka (org.apache.zookeeper.server.ZooKeeperServer)
[2018-11-22 17:00:16,729] INFO tickTime set to 3000 (org.apache.zookeeper.server.ZooKeeperServer)
[2018-11-22 17:00:16,729] INFO minSessionTimeout set to -1 (org.apache.zookeeper.server.ZooKeeperServer)
[2018-11-22 17:00:16,729] INFO maxSessionTimeout set to -1 (org.apache.zookeeper.server.ZooKeeperServer)
[2018-11-22 17:00:16,733] INFO Using org.apache.zookeeper.server.NIOServerCnxnFactory as server connection factory (org.apache.zookeeper.server.ServerCnxnFactory)
[2018-11-22 17:00:16,735] INFO binding to port 0.0.0.0/0.0.0.0:2181 (org.apache.zookeeper.server.NIOServerCnxnFactory)
[2018-11-22 17:00:28,974] INFO Accepted socket connection from /127.0.0.1:40858 (org.apache.zookeeper.server.NIOServerCnxnFactory)
[2018-11-22 17:00:28,978] INFO Client attempting to establish new session at /127.0.0.1:40858 (org.apache.zookeeper.server.ZooKeeperServer)
[2018-11-22 17:00:28,979] INFO Creating new log file: log.1 (org.apache.zookeeper.server.persistence.FileTxnLog)
[2018-11-22 17:00:28,986] INFO Established session 0x10000cff6ea0000 with negotiated timeout 6000 for client /127.0.0.1:40858 (org.apache.zookeeper.server.ZooKeeperServer)
[2018-11-22 17:00:29,022] INFO Got user-level KeeperException when processing sessionid:0x10000cff6ea0000 type:create cxid:0x2 zxid:0x3 txntype:-1 reqpath:n/a Error Path:/brokers Error:KeeperErrorCode = NoNode for /brokers (org.apache.zookeeper.server.PrepRequestProcessor)
[2018-11-22 17:00:29,029] INFO Got user-level KeeperException when processing sessionid:0x10000cff6ea0000 type:create cxid:0x6 zxid:0x7 txntype:-1 reqpath:n/a Error Path:/config Error:KeeperErrorCode = NoNode for /config (org.apache.zookeeper.server.PrepRequestProcessor)
[2018-11-22 17:00:29,038] INFO Got user-level KeeperException when processing sessionid:0x10000cff6ea0000 type:create cxid:0x9 zxid:0xa txntype:-1 reqpath:n/a Error Path:/admin Error:KeeperErrorCode = NoNode for /admin (org.apache.zookeeper.server.PrepRequestProcessor)
[2018-11-22 17:00:29,180] INFO Got user-level KeeperException when processing sessionid:0x10000cff6ea0000 type:create cxid:0x15 zxid:0x15 txntype:-1 reqpath:n/a Error Path:/cluster Error:KeeperErrorCode = NoNode for /cluster (org.apache.zookeeper.server.PrepRequestProcessor)
[2018-11-22 17:00:29,498] INFO Got user-level KeeperException when processing sessionid:0x10000cff6ea0000 type:setData cxid:0x22 zxid:0x1a txntype:-1 reqpath:n/a Error Path:/controller_epoch Error:KeeperErrorCode = NoNode for /controller_epoch (org.apache.zookeeper.server.PrepRequestProcessor)
[2018-11-22 17:00:29,549] INFO Got user-level KeeperException when processing sessionid:0x10000cff6ea0000 type:delete cxid:0x37 zxid:0x1d txntype:-1 reqpath:n/a Error Path:/admin/reassign_partitions Error:KeeperErrorCode = NoNode for /admin/reassign_partitions (org.apache.zookeeper.server.PrepRequestProcessor)
[2018-11-22 17:00:29,556] INFO Got user-level KeeperException when processing sessionid:0x10000cff6ea0000 type:delete cxid:0x39 zxid:0x1e txntype:-1 reqpath:n/a Error Path:/admin/preferred_replica_election Error:KeeperErrorCode = NoNode for /admin/preferred_replica_election (org.apache.zookeeper.server.PrepRequestProcessor)
[2018-11-22 17:00:47,818] INFO Got user-level KeeperException when processing sessionid:0x10000cff6ea0000 type:setData cxid:0x3f zxid:0x1f txntype:-1 reqpath:n/a Error Path:/config/topics/userSale Error:KeeperErrorCode = NoNode for /config/topics/userSale (org.apache.zookeeper.server.PrepRequestProcessor)
[2018-11-22 17:00:47,961] INFO Got user-level KeeperException when processing sessionid:0x10000cff6ea0000 type:setData cxid:0x49 zxid:0x25 txntype:-1 reqpath:n/a Error Path:/config/topics/userPayment Error:KeeperErrorCode = NoNode for /config/topics/userPayment (org.apache.zookeeper.server.PrepRequestProcessor)
[2018-11-22 17:00:48,077] INFO Got user-level KeeperException when processing sessionid:0x10000cff6ea0000 type:setData cxid:0x56 zxid:0x2b txntype:-1 reqpath:n/a Error Path:/config/topics/__consumer_offsets Error:KeeperErrorCode = NoNode for /config/topics/__consumer_offsets (org.apache.zookeeper.server.PrepRequestProcessor)
[2018-11-22 17:02:23,605] INFO Processed session termination for sessionid: 0x10000cff6ea0000 (org.apache.zookeeper.server.PrepRequestProcessor)
[2018-11-22 17:02:23,607] INFO Closed socket connection for client /127.0.0.1:40858 which had sessionid 0x10000cff6ea0000 (org.apache.zookeeper.server.NIOServerCnxn)
[2018-11-22 17:03:10,737] INFO Reading configuration from: config/zookeeper.properties (org.apache.zookeeper.server.quorum.QuorumPeerConfig)
[2018-11-22 17:03:10,738] INFO autopurge.snapRetainCount set to 3 (org.apache.zookeeper.server.DatadirCleanupManager)
[2018-11-22 17:03:10,738] INFO autopurge.purgeInterval set to 0 (org.apache.zookeeper.server.DatadirCleanupManager)
[2018-11-22 17:03:10,739] INFO Purge task is not scheduled. (org.apache.zookeeper.server.DatadirCleanupManager)
[2018-11-22 17:03:10,739] WARN Either no config or no quorum defined in config, running  in standalone mode (org.apache.zookeeper.server.quorum.QuorumPeerMain)
[2018-11-22 17:03:10,750] INFO Reading configuration from: config/zookeeper.properties (org.apache.zookeeper.server.quorum.QuorumPeerConfig)
[2018-11-22 17:03:10,751] INFO Starting server (org.apache.zookeeper.server.ZooKeeperServerMain)
[2018-11-22 17:03:10,755] INFO Server environment:zookeeper.version=3.4.13-2d71af4dbe22557fda74f9a9b4309b15a7487f03, built on 06/29/2018 00:39 GMT (org.apache.zookeeper.server.ZooKeeperServer)
[2018-11-22 17:03:10,756] INFO Server environment:host.name=bertie-Predator-G3-710 (org.apache.zookeeper.server.ZooKeeperServer)
[2018-11-22 17:03:10,756] INFO Server environment:java.version=1.8.0_191 (org.apache.zookeeper.server.ZooKeeperServer)
[2018-11-22 17:03:10,756] INFO Server environment:java.vendor=Oracle Corporation (org.apache.zookeeper.server.ZooKeeperServer)
[2018-11-22 17:03:10,756] INFO Server environment:java.home=/usr/lib/jvm/java-8-oracle/jre (org.apache.zookeeper.server.ZooKeeperServer)
[2018-11-22 17:03:10,756] INFO Server environment:java.class.path=/home/bertie/Pulpit/fp/kafka-runner/kafka/bin/../libs/activation-1.1.1.jar:/home/bertie/Pulpit/fp/kafka-runner/kafka/bin/../libs/aopalliance-repackaged-2.5.0-b42.jar:/home/bertie/Pulpit/fp/kafka-runner/kafka/bin/../libs/argparse4j-0.7.0.jar:/home/bertie/Pulpit/fp/kafka-runner/kafka/bin/../libs/audience-annotations-0.5.0.jar:/home/bertie/Pulpit/fp/kafka-runner/kafka/bin/../libs/connect-api-2.0.0.jar:/home/bertie/Pulpit/fp/kafka-runner/kafka/bin/../libs/connect-runtime-2.0.0.jar:/home/bertie/Pulpit/fp/kafka-runner/kafka/bin/../libs/hk2-api-2.5.0-b42.jar:/home/bertie/Pulpit/fp/kafka-runner/kafka/bin/../libs/hk2-locator-2.5.0-b42.jar:/home/bertie/Pulpit/fp/kafka-runner/kafka/bin/../libs/hk2-utils-2.5.0-b42.jar:/home/bertie/Pulpit/fp/kafka-runner/kafka/bin/../libs/jackson-annotations-2.9.6.jar:/home/bertie/Pulpit/fp/kafka-runner/kafka/bin/../libs/jackson-core-2.9.6.jar:/home/bertie/Pulpit/fp/kafka-runner/kafka/bin/../libs/jackson-databind-2.9.6.jar:/home/bertie/Pulpit/fp/kafka-runner/kafka/bin/../libs/jackson-jaxrs-base-2.9.6.jar:/home/bertie/Pulpit/fp/kafka-runner/kafka/bin/../libs/jackson-jaxrs-json-provider-2.9.6.jar:/home/bertie/Pulpit/fp/kafka-runner/kafka/bin/../libs/jackson-module-jaxb-annotations-2.9.6.jar:/home/bertie/Pulpit/fp/kafka-runner/kafka/bin/../libs/javassist-3.22.0-CR2.jar:/home/bertie/Pulpit/fp/kafka-runner/kafka/bin/../libs/javax.annotation-api-1.2.jar:/home/bertie/Pulpit/fp/kafka-runner/kafka/bin/../libs/javax.inject-1.jar:/home/bertie/Pulpit/fp/kafka-runner/kafka/bin/../libs/javax.inject-2.5.0-b42.jar:/home/bertie/Pulpit/fp/kafka-runner/kafka/bin/../libs/javax.servlet-api-3.1.0.jar:/home/bertie/Pulpit/fp/kafka-runner/kafka/bin/../libs/javax.ws.rs-api-2.1.jar:/home/bertie/Pulpit/fp/kafka-runner/kafka/bin/../libs/jaxb-api-2.3.0.jar:/home/bertie/Pulpit/fp/kafka-runner/kafka/bin/../libs/jersey-client-2.27.jar:/home/bertie/Pulpit/fp/kafka-runner/kafka/bin/../libs/jersey-common-2.27.jar:/home/bertie/Pulpit/fp/kafka-runner/kafka/bin/../libs/jersey-container-servlet-2.27.jar:/home/bertie/Pulpit/fp/kafka-runner/kafka/bin/../libs/jersey-container-servlet-core-2.27.jar:/home/bertie/Pulpit/fp/kafka-runner/kafka/bin/../libs/jersey-hk2-2.27.jar:/home/bertie/Pulpit/fp/kafka-runner/kafka/bin/../libs/jersey-media-jaxb-2.27.jar:/home/bertie/Pulpit/fp/kafka-runner/kafka/bin/../libs/jersey-server-2.27.jar:/home/bertie/Pulpit/fp/kafka-runner/kafka/bin/../libs/jetty-continuation-9.4.11.v20180605.jar:/home/bertie/Pulpit/fp/kafka-runner/kafka/bin/../libs/jetty-http-9.4.11.v20180605.jar:/home/bertie/Pulpit/fp/kafka-runner/kafka/bin/../libs/jetty-io-9.4.11.v20180605.jar:/home/bertie/Pulpit/fp/kafka-runner/kafka/bin/../libs/jetty-security-9.4.11.v20180605.jar:/home/bertie/Pulpit/fp/kafka-runner/kafka/bin/../libs/jetty-server-9.4.11.v20180605.jar:/home/bertie/Pulpit/fp/kafka-runner/kafka/bin/../libs/jetty-servlet-9.4.11.v20180605.jar:/home/bertie/Pulpit/fp/kafka-runner/kafka/bin/../libs/jetty-servlets-9.4.11.v20180605.jar:/home/bertie/Pulpit/fp/kafka-runner/kafka/bin/../libs/jetty-util-9.4.11.v20180605.jar:/home/bertie/Pulpit/fp/kafka-runner/kafka/bin/../libs/jopt-simple-5.0.4.jar:/home/bertie/Pulpit/fp/kafka-runner/kafka/bin/../libs/kafka_2.11-2.0.0.jar:/home/bertie/Pulpit/fp/kafka-runner/kafka/bin/../libs/kafka_2.11-2.0.0-sources.jar:/home/bertie/Pulpit/fp/kafka-runner/kafka/bin/../libs/kafka-clients-2.0.0.jar:/home/bertie/Pulpit/fp/kafka-runner/kafka/bin/../libs/kafka-log4j-appender-2.0.0.jar:/home/bertie/Pulpit/fp/kafka-runner/kafka/bin/../libs/kafka-tools-2.0.0.jar:/home/bertie/Pulpit/fp/kafka-runner/kafka/bin/../libs/log4j-1.2.17.jar:/home/bertie/Pulpit/fp/kafka-runner/kafka/bin/../libs/lz4-java-1.4.1.jar:/home/bertie/Pulpit/fp/kafka-runner/kafka/bin/../libs/metrics-core-2.2.0.jar:/home/bertie/Pulpit/fp/kafka-runner/kafka/bin/../libs/osgi-resource-locator-1.0.1.jar:/home/bertie/Pulpit/fp/kafka-runner/kafka/bin/../libs/scala-library-2.11.12.jar:/home/bertie/Pulpit/fp/kafka-runner/kafka/bin/../libs/scala-logging_2.11-3.9.0.jar:/home/bertie/Pulpit/fp/kafka-runner/kafka/bin/../libs/scala-reflect-2.11.12.jar:/home/bertie/Pulpit/fp/kafka-runner/kafka/bin/../libs/slf4j-api-1.7.25.jar:/home/bertie/Pulpit/fp/kafka-runner/kafka/bin/../libs/slf4j-log4j12-1.7.25.jar:/home/bertie/Pulpit/fp/kafka-runner/kafka/bin/../libs/snappy-java-1.1.7.1.jar:/home/bertie/Pulpit/fp/kafka-runner/kafka/bin/../libs/validation-api-1.1.0.Final.jar:/home/bertie/Pulpit/fp/kafka-runner/kafka/bin/../libs/zkclient-0.10.jar:/home/bertie/Pulpit/fp/kafka-runner/kafka/bin/../libs/zookeeper-3.4.13.jar (org.apache.zookeeper.server.ZooKeeperServer)
[2018-11-22 17:03:10,756] INFO Server environment:java.library.path=/usr/java/packages/lib/amd64:/usr/lib64:/lib64:/lib:/usr/lib (org.apache.zookeeper.server.ZooKeeperServer)
[2018-11-22 17:03:10,756] INFO Server environment:java.io.tmpdir=/tmp (org.apache.zookeeper.server.ZooKeeperServer)
[2018-11-22 17:03:10,756] INFO Server environment:java.compiler=<NA> (org.apache.zookeeper.server.ZooKeeperServer)
[2018-11-22 17:03:10,756] INFO Server environment:os.name=Linux (org.apache.zookeeper.server.ZooKeeperServer)
[2018-11-22 17:03:10,756] INFO Server environment:os.arch=amd64 (org.apache.zookeeper.server.ZooKeeperServer)
[2018-11-22 17:03:10,756] INFO Server environment:os.version=4.15.0-39-generic (org.apache.zookeeper.server.ZooKeeperServer)
[2018-11-22 17:03:10,756] INFO Server environment:user.name=root (org.apache.zookeeper.server.ZooKeeperServer)
[2018-11-22 17:03:10,756] INFO Server environment:user.home=/root (org.apache.zookeeper.server.ZooKeeperServer)
[2018-11-22 17:03:10,756] INFO Server environment:user.dir=/home/bertie/Pulpit/fp/kafka-runner/kafka (org.apache.zookeeper.server.ZooKeeperServer)
[2018-11-22 17:03:10,760] INFO tickTime set to 3000 (org.apache.zookeeper.server.ZooKeeperServer)
[2018-11-22 17:03:10,760] INFO minSessionTimeout set to -1 (org.apache.zookeeper.server.ZooKeeperServer)
[2018-11-22 17:03:10,760] INFO maxSessionTimeout set to -1 (org.apache.zookeeper.server.ZooKeeperServer)
[2018-11-22 17:03:10,764] INFO Using org.apache.zookeeper.server.NIOServerCnxnFactory as server connection factory (org.apache.zookeeper.server.ServerCnxnFactory)
[2018-11-22 17:03:10,766] INFO binding to port 0.0.0.0/0.0.0.0:2181 (org.apache.zookeeper.server.NIOServerCnxnFactory)
